<?xml version="1.0" encoding="UTF-8"?>
<!-- Generated by org.testng.reporters.JUnitXMLReporter -->
<testsuite ignored="0" hostname="DESKTOP-8VKGF20" failures="0" tests="4" name="Test" time="0.095" errors="0" timestamp="2021-07-23T13:56:13 IST">
  <testcase classname="zfinalmaven.APITest" name="azure" time="0.007"/>
  <testcase classname="zfinalmaven.APITest" name="azure01" time="0.001"/>
  <testcase classname="zfinalmaven.AppiumTest" name="azure1" time="0.001"/>
  <testcase classname="zfinalmaven.AppiumTest" name="azure11" time="0.001"/>
</testsuite> <!-- Test -->
