<?xml version="1.0" encoding="UTF-8"?>
<testsuite xmlns:xsi="http://www.w3.org/2001/XMLSchema-instance" xsi:noNamespaceSchemaLocation="https://maven.apache.org/surefire/maven-surefire-plugin/xsd/surefire-test-report-3.0.xsd" version="3.0" name="TestSuite" time="0.847" tests="4" errors="0" skipped="0" failures="0">
  <properties>
[...]
</properties>
  <testcase name="azure" classname="zfinalmaven.APITest" time="0.055">
    <system-out><![CDATA[Azure
]]></system-out>
  </testcase>
  <testcase name="azure01" classname="zfinalmaven.APITest" time="0.004">
    <system-out><![CDATA[Azure01
]]></system-out>
  </testcase>
  <testcase name="azure1" classname="zfinalmaven.AppiumTest" time="0.02">
    <system-out><![CDATA[Azure1
]]></system-out>
  </testcase>
  <testcase name="azure11" classname="zfinalmaven.AppiumTest" time="0.007">
    <system-out><![CDATA[Azure11
]]></system-out>
  </testcase>
</testsuite>